{"/Users/rlasc/Projects/endpointblank/end_point_blank_js/src/authorization.js": {"path":"/Users/rlasc/Projects/endpointblank/end_point_blank_js/src/authorization.js","statementMap":{"0":{"start":{"line":3,"column":29},"end":{"line":3,"column":55}},"1":{"start":{"line":14,"column":22},"end":{"line":40,"column":1}},"2":{"start":{"line":23,"column":4},"end":{"line":27,"column":5}},"3":{"start":{"line":24,"column":31},"end":{"line":24,"column":64}},"4":{"start":{"line":25,"column":20},"end":{"line":25,"column":54}},"5":{"start":{"line":26,"column":6},"end":{"line":26,"column":42}},"6":{"start":{"line":26,"column":17},"end":{"line":26,"column":42}},"7":{"start":{"line":28,"column":4},"end":{"line":28,"column":46}},"8":{"start":{"line":37,"column":16},"end":{"line":37,"column":59}},"9":{"start":{"line":38,"column":4},"end":{"line":38,"column":47}},"10":{"start":{"line":42,"column":0},"end":{"line":42,"column":35}}},"fnMap":{"0":{"name":"(anonymous_0)","decl":{"start":{"line":22,"column":2},"end":{"line":22,"column":3}},"loc":{"start":{"line":22,"column":32},"end":{"line":29,"column":3}},"line":22},"1":{"name":"(anonymous_1)","decl":{"start":{"line":36,"column":2},"end":{"line":36,"column":3}},"loc":{"start":{"line":36,"column":21},"end":{"line":39,"column":3}},"line":36}},"branchMap":{"0":{"loc":{"start":{"line":22,"column":15},"end":{"line":22,"column":30}},"type":"default-arg","locations":[{"start":{"line":22,"column":26},"end":{"line":22,"column":30}}],"line":22},"1":{"loc":{"start":{"line":23,"column":4},"end":{"line":27,"column":5}},"type":"if","locations":[{"start":{"line":23,"column":4},"end":{"line":27,"column":5}},{"start":{},"end":{}}],"line":23},"2":{"loc":{"start":{"line":26,"column":6},"end":{"line":26,"column":42}},"type":"if","locations":[{"start":{"line":26,"column":6},"end":{"line":26,"column":42}},{"start":{},"end":{}}],"line":26}},"s":{"0":3,"1":3,"2":2,"3":0,"4":0,"5":0,"6":0,"7":2,"8":3,"9":3,"10":3},"f":{"0":2,"1":3},"b":{"0":[1],"1":[0,2],"2":[0,0]},"_coverageSchema":"1a1c01bbd47fc00a2c39e90264f33305004495a9","hash":"b78ff6b0138ef9c8da7cb66bb566da55737c585c"}
,"/Users/rlasc/Projects/endpointblank/end_point_blank_js/src/configuration.js": {"path":"/Users/rlasc/Projects/endpointblank/end_point_blank_js/src/configuration.js","statementMap":{"0":{"start":{"line":6,"column":16},"end":{"line":9,"column":2}},"1":{"start":{"line":29,"column":4},"end":{"line":29,"column":18}},"2":{"start":{"line":33,"column":4},"end":{"line":33,"column":25}},"3":{"start":{"line":34,"column":4},"end":{"line":34,"column":29}},"4":{"start":{"line":35,"column":4},"end":{"line":35,"column":51}},"5":{"start":{"line":36,"column":4},"end":{"line":36,"column":28}},"6":{"start":{"line":37,"column":4},"end":{"line":37,"column":24}},"7":{"start":{"line":38,"column":4},"end":{"line":38,"column":25}},"8":{"start":{"line":39,"column":4},"end":{"line":39,"column":34}},"9":{"start":{"line":40,"column":4},"end":{"line":40,"column":30}},"10":{"start":{"line":41,"column":4},"end":{"line":41,"column":35}},"11":{"start":{"line":42,"column":4},"end":{"line":42,"column":25}},"12":{"start":{"line":43,"column":4},"end":{"line":43,"column":24}},"13":{"start":{"line":47,"column":4},"end":{"line":47,"column":38}},"14":{"start":{"line":51,"column":4},"end":{"line":51,"column":53}},"15":{"start":{"line":55,"column":4},"end":{"line":55,"column":46}},"16":{"start":{"line":59,"column":4},"end":{"line":59,"column":43}},"17":{"start":{"line":63,"column":4},"end":{"line":63,"column":49}},"18":{"start":{"line":67,"column":4},"end":{"line":67,"column":52}},"19":{"start":{"line":71,"column":17},"end":{"line":71,"column":36}},"20":{"start":{"line":73,"column":0},"end":{"line":73,"column":54}}},"fnMap":{"0":{"name":"(anonymous_0)","decl":{"start":{"line":28,"column":2},"end":{"line":28,"column":3}},"loc":{"start":{"line":28,"column":16},"end":{"line":30,"column":3}},"line":28},"1":{"name":"(anonymous_1)","decl":{"start":{"line":32,"column":2},"end":{"line":32,"column":3}},"loc":{"start":{"line":32,"column":11},"end":{"line":44,"column":3}},"line":32},"2":{"name":"(anonymous_2)","decl":{"start":{"line":46,"column":2},"end":{"line":46,"column":3}},"loc":{"start":{"line":46,"column":15},"end":{"line":48,"column":3}},"line":46},"3":{"name":"(anonymous_3)","decl":{"start":{"line":50,"column":2},"end":{"line":50,"column":3}},"loc":{"start":{"line":50,"column":26},"end":{"line":52,"column":3}},"line":50},"4":{"name":"(anonymous_4)","decl":{"start":{"line":54,"column":2},"end":{"line":54,"column":3}},"loc":{"start":{"line":54,"column":23},"end":{"line":56,"column":3}},"line":54},"5":{"name":"(anonymous_5)","decl":{"start":{"line":58,"column":2},"end":{"line":58,"column":3}},"loc":{"start":{"line":58,"column":21},"end":{"line":60,"column":3}},"line":58},"6":{"name":"(anonymous_6)","decl":{"start":{"line":62,"column":2},"end":{"line":62,"column":3}},"loc":{"start":{"line":62,"column":25},"end":{"line":64,"column":3}},"line":62},"7":{"name":"(anonymous_7)","decl":{"start":{"line":66,"column":2},"end":{"line":66,"column":3}},"loc":{"start":{"line":66,"column":29},"end":{"line":68,"column":3}},"line":66}},"branchMap":{},"s":{"0":7,"1":7,"2":66,"3":66,"4":66,"5":66,"6":66,"7":66,"8":66,"9":66,"10":66,"11":66,"12":66,"13":1,"14":1,"15":1,"16":1,"17":1,"18":1,"19":7,"20":7},"f":{"0":7,"1":66,"2":1,"3":1,"4":1,"5":1,"6":1,"7":1},"b":{},"_coverageSchema":"1a1c01bbd47fc00a2c39e90264f33305004495a9","hash":"aa713d9978b047c63760ee716ee79a58c7ed7379"}
,"/Users/rlasc/Projects/endpointblank/end_point_blank_js/src/index.js": {"path":"/Users/rlasc/Projects/endpointblank/end_point_blank_js/src/index.js","statementMap":{"0":{"start":{"line":32,"column":38},"end":{"line":32,"column":64}},"1":{"start":{"line":33,"column":30},"end":{"line":33,"column":61}},"2":{"start":{"line":35,"column":16},"end":{"line":35,"column":23}},"3":{"start":{"line":56,"column":18},"end":{"line":60,"column":3}},"4":{"start":{"line":61,"column":2},"end":{"line":65,"column":3}},"5":{"start":{"line":62,"column":4},"end":{"line":64,"column":5}},"6":{"start":{"line":63,"column":6},"end":{"line":63,"column":30}},"7":{"start":{"line":68,"column":0},"end":{"line":75,"column":2}}},"fnMap":{"0":{"name":"configure","decl":{"start":{"line":55,"column":9},"end":{"line":55,"column":18}},"loc":{"start":{"line":55,"column":30},"end":{"line":66,"column":1}},"line":55}},"branchMap":{"0":{"loc":{"start":{"line":55,"column":19},"end":{"line":55,"column":28}},"type":"default-arg","locations":[{"start":{"line":55,"column":26},"end":{"line":55,"column":28}}],"line":55},"1":{"loc":{"start":{"line":62,"column":4},"end":{"line":64,"column":5}},"type":"if","locations":[{"start":{"line":62,"column":4},"end":{"line":64,"column":5}},{"start":{},"end":{}}],"line":62}},"s":{"0":1,"1":1,"2":1,"3":4,"4":4,"5":44,"6":6,"7":1},"f":{"0":4},"b":{"0":[0],"1":[6,38]},"_coverageSchema":"1a1c01bbd47fc00a2c39e90264f33305004495a9","hash":"9a85cfcb5c5aa821e1450c5f7fabc892cc2b656b"}
,"/Users/rlasc/Projects/endpointblank/end_point_blank_js/src/payload-builder.js": {"path":"/Users/rlasc/Projects/endpointblank/end_point_blank_js/src/payload-builder.js","statementMap":{"0":{"start":{"line":3,"column":29},"end":{"line":3,"column":55}},"1":{"start":{"line":4,"column":25},"end":{"line":4,"column":51}},"2":{"start":{"line":5,"column":33},"end":{"line":5,"column":67}},"3":{"start":{"line":12,"column":23},"end":{"line":47,"column":1}},"4":{"start":{"line":27,"column":16},"end":{"line":27,"column":34}},"5":{"start":{"line":29,"column":31},"end":{"line":30,"column":56}},"6":{"start":{"line":32,"column":4},"end":{"line":45,"column":6}},"7":{"start":{"line":50,"column":19},"end":{"line":50,"column":81}},"8":{"start":{"line":51,"column":15},"end":{"line":51,"column":63}},"9":{"start":{"line":52,"column":22},"end":{"line":52,"column":54}},"10":{"start":{"line":53,"column":2},"end":{"line":53,"column":47}},"11":{"start":{"line":57,"column":2},"end":{"line":57,"column":42}},"12":{"start":{"line":57,"column":30},"end":{"line":57,"column":42}},"13":{"start":{"line":58,"column":2},"end":{"line":58,"column":52}},"14":{"start":{"line":58,"column":36},"end":{"line":58,"column":52}},"15":{"start":{"line":59,"column":2},"end":{"line":63,"column":3}},"16":{"start":{"line":60,"column":4},"end":{"line":60,"column":36}},"17":{"start":{"line":62,"column":4},"end":{"line":62,"column":16}},"18":{"start":{"line":66,"column":0},"end":{"line":66,"column":36}}},"fnMap":{"0":{"name":"(anonymous_0)","decl":{"start":{"line":26,"column":2},"end":{"line":26,"column":3}},"loc":{"start":{"line":26,"column":93},"end":{"line":46,"column":3}},"line":26},"1":{"name":"buildUrl","decl":{"start":{"line":49,"column":9},"end":{"line":49,"column":17}},"loc":{"start":{"line":49,"column":23},"end":{"line":54,"column":1}},"line":49},"2":{"name":"readBody","decl":{"start":{"line":56,"column":9},"end":{"line":56,"column":17}},"loc":{"start":{"line":56,"column":23},"end":{"line":64,"column":1}},"line":56}},"branchMap":{"0":{"loc":{"start":{"line":26,"column":46},"end":{"line":26,"column":58}},"type":"default-arg","locations":[{"start":{"line":26,"column":56},"end":{"line":26,"column":58}}],"line":26},"1":{"loc":{"start":{"line":29,"column":31},"end":{"line":30,"column":56}},"type":"binary-expr","locations":[{"start":{"line":29,"column":31},"end":{"line":29,"column":41}},{"start":{"line":30,"column":10},"end":{"line":30,"column":55}}],"line":29},"2":{"loc":{"start":{"line":30,"column":10},"end":{"line":30,"column":55}},"type":"cond-expr","locations":[{"start":{"line":30,"column":25},"end":{"line":30,"column":48}},{"start":{"line":30,"column":51},"end":{"line":30,"column":55}}],"line":30},"3":{"loc":{"start":{"line":34,"column":11},"end":{"line":34,"column":37}},"type":"cond-expr","locations":[{"start":{"line":34,"column":17},"end":{"line":34,"column":30}},{"start":{"line":34,"column":33},"end":{"line":34,"column":37}}],"line":34},"4":{"loc":{"start":{"line":35,"column":18},"end":{"line":35,"column":75}},"type":"cond-expr","locations":[{"start":{"line":35,"column":39},"end":{"line":35,"column":68}},{"start":{"line":35,"column":71},"end":{"line":35,"column":75}}],"line":35},"5":{"loc":{"start":{"line":40,"column":12},"end":{"line":40,"column":24}},"type":"binary-expr","locations":[{"start":{"line":40,"column":12},"end":{"line":40,"column":16}},{"start":{"line":40,"column":20},"end":{"line":40,"column":24}}],"line":40},"6":{"loc":{"start":{"line":41,"column":14},"end":{"line":41,"column":28}},"type":"binary-expr","locations":[{"start":{"line":41,"column":14},"end":{"line":41,"column":20}},{"start":{"line":41,"column":24},"end":{"line":41,"column":28}}],"line":41},"7":{"loc":{"start":{"line":42,"column":15},"end":{"line":42,"column":30}},"type":"binary-expr","locations":[{"start":{"line":42,"column":15},"end":{"line":42,"column":22}},{"start":{"line":42,"column":26},"end":{"line":42,"column":30}}],"line":42},"8":{"loc":{"start":{"line":43,"column":15},"end":{"line":43,"column":41}},"type":"cond-expr","locations":[{"start":{"line":43,"column":21},"end":{"line":43,"column":34}},{"start":{"line":43,"column":37},"end":{"line":43,"column":41}}],"line":43},"9":{"loc":{"start":{"line":44,"column":16},"end":{"line":44,"column":36}},"type":"binary-expr","locations":[{"start":{"line":44,"column":16},"end":{"line":44,"column":22}},{"start":{"line":44,"column":26},"end":{"line":44,"column":36}}],"line":44},"10":{"loc":{"start":{"line":50,"column":19},"end":{"line":50,"column":81}},"type":"binary-expr","locations":[{"start":{"line":50,"column":19},"end":{"line":50,"column":31}},{"start":{"line":50,"column":36},"end":{"line":50,"column":80}}],"line":50},"11":{"loc":{"start":{"line":50,"column":36},"end":{"line":50,"column":80}},"type":"cond-expr","locations":[{"start":{"line":50,"column":64},"end":{"line":50,"column":71}},{"start":{"line":50,"column":74},"end":{"line":50,"column":80}}],"line":50},"12":{"loc":{"start":{"line":51,"column":15},"end":{"line":51,"column":63}},"type":"binary-expr","locations":[{"start":{"line":51,"column":15},"end":{"line":51,"column":32}},{"start":{"line":51,"column":36},"end":{"line":51,"column":48}},{"start":{"line":51,"column":52},"end":{"line":51,"column":63}}],"line":51},"13":{"loc":{"start":{"line":52,"column":22},"end":{"line":52,"column":54}},"type":"binary-expr","locations":[{"start":{"line":52,"column":22},"end":{"line":52,"column":37}},{"start":{"line":52,"column":41},"end":{"line":52,"column":48}},{"start":{"line":52,"column":52},"end":{"line":52,"column":54}}],"line":52},"14":{"loc":{"start":{"line":57,"column":2},"end":{"line":57,"column":42}},"type":"if","locations":[{"start":{"line":57,"column":2},"end":{"line":57,"column":42}},{"start":{},"end":{}}],"line":57},"15":{"loc":{"start":{"line":58,"column":2},"end":{"line":58,"column":52}},"type":"if","locations":[{"start":{"line":58,"column":2},"end":{"line":58,"column":52}},{"start":{},"end":{}}],"line":58}},"s":{"0":1,"1":1,"2":1,"3":1,"4":0,"5":0,"6":0,"7":0,"8":0,"9":0,"10":0,"11":0,"12":0,"13":0,"14":0,"15":0,"16":0,"17":0,"18":1},"f":{"0":0,"1":0,"2":0},"b":{"0":[0],"1":[0,0],"2":[0,0],"3":[0,0],"4":[0,0],"5":[0,0],"6":[0,0],"7":[0,0],"8":[0,0],"9":[0,0],"10":[0,0],"11":[0,0],"12":[0,0,0],"13":[0,0,0],"14":[0,0],"15":[0,0]},"_coverageSchema":"1a1c01bbd47fc00a2c39e90264f33305004495a9","hash":"3d7867b487afb528cc5654cf4e86aa5c48070070"}
,"/Users/rlasc/Projects/endpointblank/end_point_blank_js/src/request-store.js": {"path":"/Users/rlasc/Projects/endpointblank/end_point_blank_js/src/request-store.js","statementMap":{"0":{"start":{"line":3,"column":30},"end":{"line":3,"column":52}},"1":{"start":{"line":16,"column":16},"end":{"line":16,"column":39}},"2":{"start":{"line":18,"column":21},"end":{"line":39,"column":1}},"3":{"start":{"line":28,"column":4},"end":{"line":28,"column":36}},"4":{"start":{"line":37,"column":4},"end":{"line":37,"column":30}},"5":{"start":{"line":41,"column":0},"end":{"line":41,"column":34}}},"fnMap":{"0":{"name":"(anonymous_0)","decl":{"start":{"line":27,"column":2},"end":{"line":27,"column":3}},"loc":{"start":{"line":27,"column":19},"end":{"line":29,"column":3}},"line":27},"1":{"name":"(anonymous_1)","decl":{"start":{"line":36,"column":2},"end":{"line":36,"column":3}},"loc":{"start":{"line":36,"column":8},"end":{"line":38,"column":3}},"line":36}},"branchMap":{},"s":{"0":2,"1":2,"2":2,"3":8,"4":9,"5":2},"f":{"0":8,"1":9},"b":{},"_coverageSchema":"1a1c01bbd47fc00a2c39e90264f33305004495a9","hash":"1007346493dc88315f52c14505e18620e96e760c"}
,"/Users/rlasc/Projects/endpointblank/end_point_blank_js/src/session-configuration.js": {"path":"/Users/rlasc/Projects/endpointblank/end_point_blank_js/src/session-configuration.js","statementMap":{"0":{"start":{"line":3,"column":29},"end":{"line":3,"column":55}},"1":{"start":{"line":10,"column":29},"end":{"line":25,"column":1}},"2":{"start":{"line":22,"column":4},"end":{"line":22,"column":54}},"3":{"start":{"line":22,"column":28},"end":{"line":22,"column":54}},"4":{"start":{"line":23,"column":4},"end":{"line":23,"column":48}},"5":{"start":{"line":27,"column":0},"end":{"line":27,"column":42}}},"fnMap":{"0":{"name":"(anonymous_0)","decl":{"start":{"line":21,"column":2},"end":{"line":21,"column":3}},"loc":{"start":{"line":21,"column":12},"end":{"line":24,"column":3}},"line":21}},"branchMap":{"0":{"loc":{"start":{"line":22,"column":4},"end":{"line":22,"column":54}},"type":"if","locations":[{"start":{"line":22,"column":4},"end":{"line":22,"column":54}},{"start":{},"end":{}}],"line":22},"1":{"loc":{"start":{"line":23,"column":11},"end":{"line":23,"column":47}},"type":"binary-expr","locations":[{"start":{"line":23,"column":11},"end":{"line":23,"column":31}},{"start":{"line":23,"column":35},"end":{"line":23,"column":47}}],"line":23}},"s":{"0":1,"1":1,"2":0,"3":0,"4":0,"5":1},"f":{"0":0},"b":{"0":[0,0],"1":[0,0]},"_coverageSchema":"1a1c01bbd47fc00a2c39e90264f33305004495a9","hash":"a43abfbabdd969547f54454affdbcc9b9882a3eb"}
,"/Users/rlasc/Projects/endpointblank/end_point_blank_js/src/unauthorized-error.js": {"path":"/Users/rlasc/Projects/endpointblank/end_point_blank_js/src/unauthorized-error.js","statementMap":{"0":{"start":{"line":13,"column":4},"end":{"line":13,"column":19}},"1":{"start":{"line":14,"column":4},"end":{"line":14,"column":36}},"2":{"start":{"line":18,"column":0},"end":{"line":18,"column":39}}},"fnMap":{"0":{"name":"(anonymous_0)","decl":{"start":{"line":12,"column":2},"end":{"line":12,"column":3}},"loc":{"start":{"line":12,"column":23},"end":{"line":15,"column":3}},"line":12}},"branchMap":{},"s":{"0":1,"1":1,"2":2},"f":{"0":1},"b":{},"_coverageSchema":"1a1c01bbd47fc00a2c39e90264f33305004495a9","hash":"8aebfff4de3b49ac3ca3094df21103accbf6df71"}
,"/Users/rlasc/Projects/endpointblank/end_point_blank_js/src/commands/_http.js": {"path":"/Users/rlasc/Projects/endpointblank/end_point_blank_js/src/commands/_http.js","statementMap":{"0":{"start":{"line":3,"column":19},"end":{"line":3,"column":25}},"1":{"start":{"line":19,"column":21},"end":{"line":19,"column":42}},"2":{"start":{"line":20,"column":16},"end":{"line":20,"column":64}},"3":{"start":{"line":20,"column":33},"end":{"line":20,"column":51}},"4":{"start":{"line":22,"column":2},"end":{"line":38,"column":3}},"5":{"start":{"line":23,"column":21},"end":{"line":31,"column":6}},"6":{"start":{"line":32,"column":4},"end":{"line":32,"column":20}},"7":{"start":{"line":34,"column":4},"end":{"line":34,"column":80}},"8":{"start":{"line":35,"column":4},"end":{"line":35,"column":16}},"9":{"start":{"line":37,"column":4},"end":{"line":37,"column":24}},"10":{"start":{"line":41,"column":0},"end":{"line":41,"column":26}}},"fnMap":{"0":{"name":"post","decl":{"start":{"line":18,"column":15},"end":{"line":18,"column":19}},"loc":{"start":{"line":18,"column":43},"end":{"line":39,"column":1}},"line":18},"1":{"name":"(anonymous_1)","decl":{"start":{"line":20,"column":27},"end":{"line":20,"column":28}},"loc":{"start":{"line":20,"column":33},"end":{"line":20,"column":51}},"line":20}},"branchMap":{},"s":{"0":2,"1":0,"2":0,"3":0,"4":0,"5":0,"6":0,"7":0,"8":0,"9":0,"10":2},"f":{"0":0,"1":0},"b":{},"_coverageSchema":"1a1c01bbd47fc00a2c39e90264f33305004495a9","hash":"20501f1c076244e2b531c70b4fb046aa7892d45a"}
,"/Users/rlasc/Projects/endpointblank/end_point_blank_js/src/commands/authentication-cache.js": {"path":"/Users/rlasc/Projects/endpointblank/end_point_blank_js/src/commands/authentication-cache.js","statementMap":{"0":{"start":{"line":3,"column":29},"end":{"line":3,"column":56}},"1":{"start":{"line":15,"column":4},"end":{"line":15,"column":28}},"2":{"start":{"line":25,"column":4},"end":{"line":25,"column":36}},"3":{"start":{"line":25,"column":29},"end":{"line":25,"column":36}},"4":{"start":{"line":26,"column":18},"end":{"line":26,"column":49}},"5":{"start":{"line":27,"column":4},"end":{"line":30,"column":7}},"6":{"start":{"line":40,"column":18},"end":{"line":40,"column":38}},"7":{"start":{"line":41,"column":4},"end":{"line":43,"column":5}},"8":{"start":{"line":42,"column":6},"end":{"line":42,"column":31}},"9":{"start":{"line":44,"column":4},"end":{"line":44,"column":16}},"10":{"start":{"line":54,"column":18},"end":{"line":54,"column":38}},"11":{"start":{"line":55,"column":4},"end":{"line":55,"column":58}},"12":{"start":{"line":65,"column":18},"end":{"line":65,"column":38}},"13":{"start":{"line":66,"column":4},"end":{"line":66,"column":28}},"14":{"start":{"line":67,"column":4},"end":{"line":67,"column":38}},"15":{"start":{"line":74,"column":4},"end":{"line":74,"column":24}},"16":{"start":{"line":83,"column":4},"end":{"line":83,"column":35}},"17":{"start":{"line":92,"column":4},"end":{"line":92,"column":28}},"18":{"start":{"line":96,"column":17},"end":{"line":96,"column":42}},"19":{"start":{"line":98,"column":0},"end":{"line":98,"column":51}}},"fnMap":{"0":{"name":"(anonymous_0)","decl":{"start":{"line":13,"column":2},"end":{"line":13,"column":3}},"loc":{"start":{"line":13,"column":16},"end":{"line":16,"column":3}},"line":13},"1":{"name":"(anonymous_1)","decl":{"start":{"line":24,"column":2},"end":{"line":24,"column":3}},"loc":{"start":{"line":24,"column":26},"end":{"line":31,"column":3}},"line":24},"2":{"name":"(anonymous_2)","decl":{"start":{"line":39,"column":2},"end":{"line":39,"column":3}},"loc":{"start":{"line":39,"column":16},"end":{"line":45,"column":3}},"line":39},"3":{"name":"(anonymous_3)","decl":{"start":{"line":53,"column":2},"end":{"line":53,"column":3}},"loc":{"start":{"line":53,"column":14},"end":{"line":56,"column":3}},"line":53},"4":{"name":"(anonymous_4)","decl":{"start":{"line":64,"column":2},"end":{"line":64,"column":3}},"loc":{"start":{"line":64,"column":14},"end":{"line":68,"column":3}},"line":64},"5":{"name":"(anonymous_5)","decl":{"start":{"line":73,"column":2},"end":{"line":73,"column":3}},"loc":{"start":{"line":73,"column":10},"end":{"line":75,"column":3}},"line":73},"6":{"name":"(anonymous_6)","decl":{"start":{"line":82,"column":2},"end":{"line":82,"column":3}},"loc":{"start":{"line":82,"column":9},"end":{"line":84,"column":3}},"line":82},"7":{"name":"(anonymous_7)","decl":{"start":{"line":91,"column":2},"end":{"line":91,"column":3}},"loc":{"start":{"line":91,"column":9},"end":{"line":93,"column":3}},"line":91}},"branchMap":{"0":{"loc":{"start":{"line":25,"column":4},"end":{"line":25,"column":36}},"type":"if","locations":[{"start":{"line":25,"column":4},"end":{"line":25,"column":36}},{"start":{},"end":{}}],"line":25},"1":{"loc":{"start":{"line":26,"column":19},"end":{"line":26,"column":41}},"type":"binary-expr","locations":[{"start":{"line":26,"column":19},"end":{"line":26,"column":34}},{"start":{"line":26,"column":38},"end":{"line":26,"column":41}}],"line":26},"2":{"loc":{"start":{"line":41,"column":4},"end":{"line":43,"column":5}},"type":"if","locations":[{"start":{"line":41,"column":4},"end":{"line":43,"column":5}},{"start":{},"end":{}}],"line":41},"3":{"loc":{"start":{"line":41,"column":8},"end":{"line":41,"column":45}},"type":"binary-expr","locations":[{"start":{"line":41,"column":8},"end":{"line":41,"column":13}},{"start":{"line":41,"column":17},"end":{"line":41,"column":45}}],"line":41},"4":{"loc":{"start":{"line":55,"column":19},"end":{"line":55,"column":56}},"type":"binary-expr","locations":[{"start":{"line":55,"column":19},"end":{"line":55,"column":24}},{"start":{"line":55,"column":28},"end":{"line":55,"column":56}}],"line":55},"5":{"loc":{"start":{"line":67,"column":11},"end":{"line":67,"column":37}},"type":"binary-expr","locations":[{"start":{"line":67,"column":11},"end":{"line":67,"column":29}},{"start":{"line":67,"column":33},"end":{"line":67,"column":37}}],"line":67}},"s":{"0":1,"1":1,"2":11,"3":1,"4":10,"5":10,"6":5,"7":5,"8":1,"9":4,"10":3,"11":3,"12":2,"13":2,"14":2,"15":23,"16":1,"17":2,"18":1,"19":1},"f":{"0":1,"1":11,"2":5,"3":3,"4":2,"5":23,"6":1,"7":2},"b":{"0":[1,10],"1":[10,0],"2":[1,4],"3":[5,2],"4":[3,1],"5":[2,1]},"_coverageSchema":"1a1c01bbd47fc00a2c39e90264f33305004495a9","hash":"de4e18807992b2dab9b5f726d6908ba08f2af293"}
,"/Users/rlasc/Projects/endpointblank/end_point_blank_js/src/commands/bearer-generate.js": {"path":"/Users/rlasc/Projects/endpointblank/end_point_blank_js/src/commands/bearer-generate.js","statementMap":{"0":{"start":{"line":3,"column":29},"end":{"line":3,"column":56}},"1":{"start":{"line":10,"column":23},"end":{"line":28,"column":1}},"2":{"start":{"line":17,"column":4},"end":{"line":17,"column":87}},"3":{"start":{"line":26,"column":4},"end":{"line":26,"column":38}},"4":{"start":{"line":30,"column":0},"end":{"line":30,"column":36}}},"fnMap":{"0":{"name":"(anonymous_0)","decl":{"start":{"line":16,"column":2},"end":{"line":16,"column":3}},"loc":{"start":{"line":16,"column":13},"end":{"line":18,"column":3}},"line":16},"1":{"name":"(anonymous_1)","decl":{"start":{"line":25,"column":2},"end":{"line":25,"column":3}},"loc":{"start":{"line":25,"column":15},"end":{"line":27,"column":3}},"line":25}},"branchMap":{},"s":{"0":1,"1":1,"2":3,"3":2,"4":1},"f":{"0":3,"1":2},"b":{},"_coverageSchema":"1a1c01bbd47fc00a2c39e90264f33305004495a9","hash":"42b241c4c5c594138f3e8a1d5c22aa7b6c7ee7ff"}
,"/Users/rlasc/Projects/endpointblank/end_point_blank_js/src/commands/endpoint-update.js": {"path":"/Users/rlasc/Projects/endpointblank/end_point_blank_js/src/commands/endpoint-update.js","statementMap":{"0":{"start":{"line":3,"column":11},"end":{"line":3,"column":24}},"1":{"start":{"line":4,"column":29},"end":{"line":4,"column":56}},"2":{"start":{"line":5,"column":26},"end":{"line":5,"column":53}},"3":{"start":{"line":6,"column":17},"end":{"line":6,"column":35}},"4":{"start":{"line":8,"column":16},"end":{"line":8,"column":23}},"5":{"start":{"line":24,"column":4},"end":{"line":24,"column":31}},"6":{"start":{"line":29,"column":4},"end":{"line":29,"column":47}},"7":{"start":{"line":39,"column":4},"end":{"line":39,"column":49}},"8":{"start":{"line":43,"column":23},"end":{"line":43,"column":51}},"9":{"start":{"line":44,"column":21},"end":{"line":44,"column":75}},"10":{"start":{"line":45,"column":4},"end":{"line":45,"column":26}},"11":{"start":{"line":45,"column":19},"end":{"line":45,"column":26}},"12":{"start":{"line":46,"column":4},"end":{"line":50,"column":5}},"13":{"start":{"line":47,"column":6},"end":{"line":47,"column":86}},"14":{"start":{"line":49,"column":6},"end":{"line":49,"column":89}},"15":{"start":{"line":54,"column":4},"end":{"line":61,"column":6}},"16":{"start":{"line":65,"column":0},"end":{"line":65,"column":36}}},"fnMap":{"0":{"name":"(anonymous_0)","decl":{"start":{"line":23,"column":2},"end":{"line":23,"column":3}},"loc":{"start":{"line":23,"column":30},"end":{"line":25,"column":3}},"line":23},"1":{"name":"(anonymous_1)","decl":{"start":{"line":28,"column":2},"end":{"line":28,"column":3}},"loc":{"start":{"line":28,"column":17},"end":{"line":30,"column":3}},"line":28},"2":{"name":"(anonymous_2)","decl":{"start":{"line":38,"column":2},"end":{"line":38,"column":3}},"loc":{"start":{"line":38,"column":42},"end":{"line":40,"column":3}},"line":38},"3":{"name":"(anonymous_3)","decl":{"start":{"line":42,"column":2},"end":{"line":42,"column":3}},"loc":{"start":{"line":42,"column":21},"end":{"line":51,"column":3}},"line":42},"4":{"name":"(anonymous_4)","decl":{"start":{"line":53,"column":2},"end":{"line":53,"column":3}},"loc":{"start":{"line":53,"column":21},"end":{"line":62,"column":3}},"line":53}},"branchMap":{"0":{"loc":{"start":{"line":23,"column":14},"end":{"line":23,"column":28}},"type":"default-arg","locations":[{"start":{"line":23,"column":26},"end":{"line":23,"column":28}}],"line":23},"1":{"loc":{"start":{"line":38,"column":26},"end":{"line":38,"column":40}},"type":"default-arg","locations":[{"start":{"line":38,"column":38},"end":{"line":38,"column":40}}],"line":38},"2":{"loc":{"start":{"line":45,"column":4},"end":{"line":45,"column":26}},"type":"if","locations":[{"start":{"line":45,"column":4},"end":{"line":45,"column":26}},{"start":{},"end":{}}],"line":45},"3":{"loc":{"start":{"line":46,"column":4},"end":{"line":50,"column":5}},"type":"if","locations":[{"start":{"line":46,"column":4},"end":{"line":50,"column":5}},{"start":{"line":48,"column":11},"end":{"line":50,"column":5}}],"line":46}},"s":{"0":1,"1":1,"2":1,"3":1,"4":1,"5":0,"6":0,"7":0,"8":0,"9":0,"10":0,"11":0,"12":0,"13":0,"14":0,"15":0,"16":1},"f":{"0":0,"1":0,"2":0,"3":0,"4":0},"b":{"0":[0],"1":[0],"2":[0,0],"3":[0,0]},"_coverageSchema":"1a1c01bbd47fc00a2c39e90264f33305004495a9","hash":"fed48d5fc661522850215cedb7e9a71510b4a716"}
,"/Users/rlasc/Projects/endpointblank/end_point_blank_js/src/commands/version-finder.js": {"path":"/Users/rlasc/Projects/endpointblank/end_point_blank_js/src/commands/version-finder.js","statementMap":{"0":{"start":{"line":3,"column":29},"end":{"line":3,"column":56}},"1":{"start":{"line":5,"column":20},"end":{"line":5,"column":51}},"2":{"start":{"line":6,"column":22},"end":{"line":6,"column":30}},"3":{"start":{"line":7,"column":21},"end":{"line":7,"column":33}},"4":{"start":{"line":23,"column":22},"end":{"line":57,"column":1}},"5":{"start":{"line":29,"column":4},"end":{"line":31,"column":5}},"6":{"start":{"line":30,"column":6},"end":{"line":30,"column":39}},"7":{"start":{"line":33,"column":20},"end":{"line":33,"column":37}},"8":{"start":{"line":34,"column":16},"end":{"line":34,"column":48}},"9":{"start":{"line":37,"column":18},"end":{"line":37,"column":54}},"10":{"start":{"line":38,"column":4},"end":{"line":38,"column":32}},"11":{"start":{"line":38,"column":17},"end":{"line":38,"column":32}},"12":{"start":{"line":41,"column":4},"end":{"line":41,"column":63}},"13":{"start":{"line":42,"column":4},"end":{"line":42,"column":32}},"14":{"start":{"line":42,"column":17},"end":{"line":42,"column":32}},"15":{"start":{"line":45,"column":4},"end":{"line":45,"column":60}},"16":{"start":{"line":46,"column":4},"end":{"line":46,"column":32}},"17":{"start":{"line":46,"column":17},"end":{"line":46,"column":32}},"18":{"start":{"line":49,"column":4},"end":{"line":49,"column":36}},"19":{"start":{"line":50,"column":4},"end":{"line":50,"column":32}},"20":{"start":{"line":50,"column":17},"end":{"line":50,"column":32}},"21":{"start":{"line":53,"column":17},"end":{"line":53,"column":46}},"22":{"start":{"line":54,"column":4},"end":{"line":54,"column":42}},"23":{"start":{"line":55,"column":4},"end":{"line":55,"column":19}},"24":{"start":{"line":60,"column":2},"end":{"line":60,"column":26}},"25":{"start":{"line":60,"column":14},"end":{"line":60,"column":26}},"26":{"start":{"line":61,"column":16},"end":{"line":61,"column":36}},"27":{"start":{"line":62,"column":2},"end":{"line":62,"column":33}},"28":{"start":{"line":66,"column":21},"end":{"line":66,"column":37}},"29":{"start":{"line":67,"column":2},"end":{"line":67,"column":37}},"30":{"start":{"line":67,"column":25},"end":{"line":67,"column":37}},"31":{"start":{"line":68,"column":16},"end":{"line":68,"column":41}},"32":{"start":{"line":69,"column":2},"end":{"line":75,"column":3}},"33":{"start":{"line":70,"column":4},"end":{"line":74,"column":5}},"34":{"start":{"line":71,"column":20},"end":{"line":71,"column":49}},"35":{"start":{"line":72,"column":20},"end":{"line":72,"column":46}},"36":{"start":{"line":73,"column":6},"end":{"line":73,"column":33}},"37":{"start":{"line":73,"column":17},"end":{"line":73,"column":33}},"38":{"start":{"line":76,"column":2},"end":{"line":76,"column":14}},"39":{"start":{"line":79,"column":0},"end":{"line":79,"column":35}}},"fnMap":{"0":{"name":"(anonymous_0)","decl":{"start":{"line":28,"column":2},"end":{"line":28,"column":3}},"loc":{"start":{"line":28,"column":12},"end":{"line":56,"column":3}},"line":28},"1":{"name":"extract","decl":{"start":{"line":59,"column":9},"end":{"line":59,"column":16}},"loc":{"start":{"line":59,"column":33},"end":{"line":63,"column":1}},"line":59},"2":{"name":"versionFromQuery","decl":{"start":{"line":65,"column":9},"end":{"line":65,"column":25}},"loc":{"start":{"line":65,"column":31},"end":{"line":77,"column":1}},"line":65}},"branchMap":{"0":{"loc":{"start":{"line":29,"column":4},"end":{"line":31,"column":5}},"type":"if","locations":[{"start":{"line":29,"column":4},"end":{"line":31,"column":5}},{"start":{},"end":{}}],"line":29},"1":{"loc":{"start":{"line":33,"column":20},"end":{"line":33,"column":37}},"type":"binary-expr","locations":[{"start":{"line":33,"column":20},"end":{"line":33,"column":31}},{"start":{"line":33,"column":35},"end":{"line":33,"column":37}}],"line":33},"2":{"loc":{"start":{"line":34,"column":16},"end":{"line":34,"column":48}},"type":"binary-expr","locations":[{"start":{"line":34,"column":16},"end":{"line":34,"column":31}},{"start":{"line":34,"column":35},"end":{"line":34,"column":42}},{"start":{"line":34,"column":46},"end":{"line":34,"column":48}}],"line":34},"3":{"loc":{"start":{"line":38,"column":4},"end":{"line":38,"column":32}},"type":"if","locations":[{"start":{"line":38,"column":4},"end":{"line":38,"column":32}},{"start":{},"end":{}}],"line":38},"4":{"loc":{"start":{"line":42,"column":4},"end":{"line":42,"column":32}},"type":"if","locations":[{"start":{"line":42,"column":4},"end":{"line":42,"column":32}},{"start":{},"end":{}}],"line":42},"5":{"loc":{"start":{"line":46,"column":4},"end":{"line":46,"column":32}},"type":"if","locations":[{"start":{"line":46,"column":4},"end":{"line":46,"column":32}},{"start":{},"end":{}}],"line":46},"6":{"loc":{"start":{"line":50,"column":4},"end":{"line":50,"column":32}},"type":"if","locations":[{"start":{"line":50,"column":4},"end":{"line":50,"column":32}},{"start":{},"end":{}}],"line":50},"7":{"loc":{"start":{"line":53,"column":17},"end":{"line":53,"column":46}},"type":"binary-expr","locations":[{"start":{"line":53,"column":17},"end":{"line":53,"column":25}},{"start":{"line":53,"column":29},"end":{"line":53,"column":46}}],"line":53},"8":{"loc":{"start":{"line":60,"column":2},"end":{"line":60,"column":26}},"type":"if","locations":[{"start":{"line":60,"column":2},"end":{"line":60,"column":26}},{"start":{},"end":{}}],"line":60},"9":{"loc":{"start":{"line":62,"column":9},"end":{"line":62,"column":32}},"type":"cond-expr","locations":[{"start":{"line":62,"column":17},"end":{"line":62,"column":25}},{"start":{"line":62,"column":28},"end":{"line":62,"column":32}}],"line":62},"10":{"loc":{"start":{"line":67,"column":2},"end":{"line":67,"column":37}},"type":"if","locations":[{"start":{"line":67,"column":2},"end":{"line":67,"column":37}},{"start":{},"end":{}}],"line":67},"11":{"loc":{"start":{"line":70,"column":4},"end":{"line":74,"column":5}},"type":"if","locations":[{"start":{"line":70,"column":4},"end":{"line":74,"column":5}},{"start":{},"end":{}}],"line":70},"12":{"loc":{"start":{"line":73,"column":6},"end":{"line":73,"column":33}},"type":"if","locations":[{"start":{"line":73,"column":6},"end":{"line":73,"column":33}},{"start":{},"end":{}}],"line":73}},"s":{"0":2,"1":2,"2":2,"3":2,"4":2,"5":10,"6":1,"7":9,"8":9,"9":9,"10":9,"11":3,"12":6,"13":6,"14":1,"15":5,"16":5,"17":1,"18":4,"19":4,"20":2,"21":2,"22":2,"23":2,"24":22,"25":14,"26":8,"27":8,"28":4,"29":4,"30":2,"31":2,"32":2,"33":2,"34":2,"35":2,"36":2,"37":2,"38":0,"39":2},"f":{"0":10,"1":22,"2":4},"b":{"0":[1,9],"1":[9,0],"2":[9,0,0],"3":[3,6],"4":[1,5],"5":[1,4],"6":[2,2],"7":[2,0],"8":[14,8],"9":[6,2],"10":[2,2],"11":[2,0],"12":[2,0]},"_coverageSchema":"1a1c01bbd47fc00a2c39e90264f33305004495a9","hash":"3736e7bd76861a6bea875789074ecd3abed95ed4"}
,"/Users/rlasc/Projects/endpointblank/end_point_blank_js/src/express/endpoint-registrar.js": {"path":"/Users/rlasc/Projects/endpointblank/end_point_blank_js/src/express/endpoint-registrar.js","statementMap":{"0":{"start":{"line":3,"column":27},"end":{"line":3,"column":65}},"1":{"start":{"line":4,"column":24},"end":{"line":4,"column":46}},"2":{"start":{"line":24,"column":20},"end":{"line":24,"column":49}},"3":{"start":{"line":25,"column":2},"end":{"line":25,"column":45}},"4":{"start":{"line":26,"column":2},"end":{"line":26,"column":76}},"5":{"start":{"line":37,"column":2},"end":{"line":37,"column":42}},"6":{"start":{"line":37,"column":32},"end":{"line":37,"column":42}},"7":{"start":{"line":39,"column":20},"end":{"line":39,"column":22}},"8":{"start":{"line":41,"column":2},"end":{"line":62,"column":3}},"9":{"start":{"line":42,"column":4},"end":{"line":61,"column":5}},"10":{"start":{"line":44,"column":19},"end":{"line":44,"column":52}},"11":{"start":{"line":45,"column":22},"end":{"line":47,"column":7}},"12":{"start":{"line":46,"column":15},"end":{"line":46,"column":53}},"13":{"start":{"line":50,"column":23},"end":{"line":52,"column":54}},"14":{"start":{"line":51,"column":20},"end":{"line":51,"column":41}},"15":{"start":{"line":52,"column":28},"end":{"line":52,"column":49}},"16":{"start":{"line":54,"column":6},"end":{"line":56,"column":7}},"17":{"start":{"line":55,"column":8},"end":{"line":55,"column":73}},"18":{"start":{"line":57,"column":11},"end":{"line":61,"column":5}},"19":{"start":{"line":59,"column":24},"end":{"line":59,"column":52}},"20":{"start":{"line":60,"column":6},"end":{"line":60,"column":67}},"21":{"start":{"line":64,"column":2},"end":{"line":64,"column":19}},"22":{"start":{"line":68,"column":2},"end":{"line":68,"column":31}},"23":{"start":{"line":68,"column":21},"end":{"line":68,"column":31}},"24":{"start":{"line":69,"column":17},"end":{"line":69,"column":36}},"25":{"start":{"line":71,"column":16},"end":{"line":71,"column":48}},"26":{"start":{"line":72,"column":2},"end":{"line":72,"column":53}},"27":{"start":{"line":75,"column":0},"end":{"line":75,"column":64}}},"fnMap":{"0":{"name":"registerExpressEndpoints","decl":{"start":{"line":23,"column":15},"end":{"line":23,"column":39}},"loc":{"start":{"line":23,"column":45},"end":{"line":27,"column":1}},"line":23},"1":{"name":"collectEndpoints","decl":{"start":{"line":36,"column":9},"end":{"line":36,"column":25}},"loc":{"start":{"line":36,"column":47},"end":{"line":65,"column":1}},"line":36},"2":{"name":"(anonymous_2)","decl":{"start":{"line":46,"column":8},"end":{"line":46,"column":9}},"loc":{"start":{"line":46,"column":15},"end":{"line":46,"column":53}},"line":46},"3":{"name":"(anonymous_3)","decl":{"start":{"line":51,"column":13},"end":{"line":51,"column":14}},"loc":{"start":{"line":51,"column":20},"end":{"line":51,"column":41}},"line":51},"4":{"name":"(anonymous_4)","decl":{"start":{"line":52,"column":16},"end":{"line":52,"column":17}},"loc":{"start":{"line":52,"column":28},"end":{"line":52,"column":49}},"line":52},"5":{"name":"routerPrefix","decl":{"start":{"line":67,"column":9},"end":{"line":67,"column":21}},"loc":{"start":{"line":67,"column":29},"end":{"line":73,"column":1}},"line":67}},"branchMap":{"0":{"loc":{"start":{"line":36,"column":34},"end":{"line":36,"column":45}},"type":"default-arg","locations":[{"start":{"line":36,"column":43},"end":{"line":36,"column":45}}],"line":36},"1":{"loc":{"start":{"line":37,"column":2},"end":{"line":37,"column":42}},"type":"if","locations":[{"start":{"line":37,"column":2},"end":{"line":37,"column":42}},{"start":{},"end":{}}],"line":37},"2":{"loc":{"start":{"line":37,"column":6},"end":{"line":37,"column":30}},"type":"binary-expr","locations":[{"start":{"line":37,"column":6},"end":{"line":37,"column":13}},{"start":{"line":37,"column":17},"end":{"line":37,"column":30}}],"line":37},"3":{"loc":{"start":{"line":42,"column":4},"end":{"line":61,"column":5}},"type":"if","locations":[{"start":{"line":42,"column":4},"end":{"line":61,"column":5}},{"start":{"line":57,"column":11},"end":{"line":61,"column":5}}],"line":42},"4":{"loc":{"start":{"line":44,"column":29},"end":{"line":44,"column":51}},"type":"binary-expr","locations":[{"start":{"line":44,"column":29},"end":{"line":44,"column":45}},{"start":{"line":44,"column":49},"end":{"line":44,"column":51}}],"line":44},"5":{"loc":{"start":{"line":46,"column":15},"end":{"line":46,"column":53}},"type":"binary-expr","locations":[{"start":{"line":46,"column":15},"end":{"line":46,"column":27}},{"start":{"line":46,"column":31},"end":{"line":46,"column":53}}],"line":46},"6":{"loc":{"start":{"line":57,"column":11},"end":{"line":61,"column":5}},"type":"if","locations":[{"start":{"line":57,"column":11},"end":{"line":61,"column":5}},{"start":{},"end":{}}],"line":57},"7":{"loc":{"start":{"line":57,"column":15},"end":{"line":57,"column":61}},"type":"binary-expr","locations":[{"start":{"line":57,"column":15},"end":{"line":57,"column":38}},{"start":{"line":57,"column":42},"end":{"line":57,"column":61}}],"line":57},"8":{"loc":{"start":{"line":68,"column":2},"end":{"line":68,"column":31}},"type":"if","locations":[{"start":{"line":68,"column":2},"end":{"line":68,"column":31}},{"start":{},"end":{}}],"line":68},"9":{"loc":{"start":{"line":72,"column":9},"end":{"line":72,"column":52}},"type":"cond-expr","locations":[{"start":{"line":72,"column":17},"end":{"line":72,"column":47}},{"start":{"line":72,"column":50},"end":{"line":72,"column":52}}],"line":72}},"s":{"0":1,"1":1,"2":0,"3":0,"4":0,"5":6,"6":0,"7":6,"8":6,"9":28,"10":17,"11":17,"12":17,"13":17,"14":25,"15":25,"16":17,"17":17,"18":11,"19":1,"20":1,"21":6,"22":1,"23":0,"24":1,"25":1,"26":1,"27":1},"f":{"0":0,"1":6,"2":17,"3":25,"4":25,"5":1},"b":{"0":[5],"1":[0,6],"2":[6,6],"3":[17,11],"4":[17,0],"5":[17,17],"6":[1,10],"7":[11,1],"8":[0,1],"9":[1,0]},"_coverageSchema":"1a1c01bbd47fc00a2c39e90264f33305004495a9","hash":"db09ff2fd0f3b73292516e6cede8d71928c43b5f"}
,"/Users/rlasc/Projects/endpointblank/end_point_blank_js/src/express/versioned.js": {"path":"/Users/rlasc/Projects/endpointblank/end_point_blank_js/src/express/versioned.js","statementMap":{"0":{"start":{"line":38,"column":4},"end":{"line":38,"column":11}},"1":{"start":{"line":41,"column":2},"end":{"line":41,"column":76}},"2":{"start":{"line":42,"column":2},"end":{"line":42,"column":53}},"3":{"start":{"line":44,"column":2},"end":{"line":44,"column":29}},"4":{"start":{"line":54,"column":2},"end":{"line":54,"column":37}},"5":{"start":{"line":57,"column":0},"end":{"line":57,"column":44}}},"fnMap":{"0":{"name":"versioned","decl":{"start":{"line":28,"column":9},"end":{"line":28,"column":18}},"loc":{"start":{"line":28,"column":61},"end":{"line":45,"column":1}},"line":28},"1":{"name":"versionedMiddleware","decl":{"start":{"line":37,"column":11},"end":{"line":37,"column":30}},"loc":{"start":{"line":37,"column":47},"end":{"line":39,"column":3}},"line":37},"2":{"name":"getVersions","decl":{"start":{"line":53,"column":9},"end":{"line":53,"column":20}},"loc":{"start":{"line":53,"column":30},"end":{"line":55,"column":1}},"line":53}},"branchMap":{"0":{"loc":{"start":{"line":28,"column":29},"end":{"line":28,"column":59}},"type":"default-arg","locations":[{"start":{"line":28,"column":57},"end":{"line":28,"column":59}}],"line":28},"1":{"loc":{"start":{"line":28,"column":31},"end":{"line":28,"column":52}},"type":"default-arg","locations":[{"start":{"line":28,"column":39},"end":{"line":28,"column":52}}],"line":28},"2":{"loc":{"start":{"line":41,"column":37},"end":{"line":41,"column":75}},"type":"binary-expr","locations":[{"start":{"line":41,"column":37},"end":{"line":41,"column":69}},{"start":{"line":41,"column":73},"end":{"line":41,"column":75}}],"line":41},"3":{"loc":{"start":{"line":54,"column":9},"end":{"line":54,"column":36}},"type":"binary-expr","locations":[{"start":{"line":54,"column":9},"end":{"line":54,"column":30}},{"start":{"line":54,"column":34},"end":{"line":54,"column":36}}],"line":54}},"s":{"0":1,"1":12,"2":12,"3":12,"4":29,"5":2},"f":{"0":12,"1":1,"2":29},"b":{"0":[2],"1":[2],"2":[12,12],"3":[29,20]},"_coverageSchema":"1a1c01bbd47fc00a2c39e90264f33305004495a9","hash":"31dbdde006c8e4b50b1a05f64ab300d473ea9fc7"}
,"/Users/rlasc/Projects/endpointblank/end_point_blank_js/src/middleware/report-interaction.js": {"path":"/Users/rlasc/Projects/endpointblank/end_point_blank_js/src/middleware/report-interaction.js","statementMap":{"0":{"start":{"line":3,"column":25},"end":{"line":3,"column":52}},"1":{"start":{"line":4,"column":30},"end":{"line":4,"column":62}},"2":{"start":{"line":5,"column":26},"end":{"line":5,"column":63}},"3":{"start":{"line":6,"column":19},"end":{"line":6,"column":47}},"4":{"start":{"line":8,"column":15},"end":{"line":8,"column":49}},"5":{"start":{"line":33,"column":2},"end":{"line":44,"column":5}},"6":{"start":{"line":34,"column":4},"end":{"line":43,"column":5}},"7":{"start":{"line":39,"column":6},"end":{"line":39,"column":13}},"8":{"start":{"line":41,"column":6},"end":{"line":41,"column":34}},"9":{"start":{"line":42,"column":6},"end":{"line":42,"column":16}},"10":{"start":{"line":65,"column":2},"end":{"line":69,"column":3}},"11":{"start":{"line":66,"column":4},"end":{"line":68,"column":7}},"12":{"start":{"line":67,"column":6},"end":{"line":67,"column":82}},"13":{"start":{"line":70,"column":2},"end":{"line":70,"column":12}},"14":{"start":{"line":74,"column":2},"end":{"line":93,"column":3}},"15":{"start":{"line":75,"column":20},"end":{"line":75,"column":43}},"16":{"start":{"line":76,"column":4},"end":{"line":76,"column":25}},"17":{"start":{"line":76,"column":18},"end":{"line":76,"column":25}},"18":{"start":{"line":78,"column":17},"end":{"line":78,"column":61}},"19":{"start":{"line":79,"column":19},"end":{"line":79,"column":35}},"20":{"start":{"line":80,"column":20},"end":{"line":80,"column":57}},"21":{"start":{"line":82,"column":4},"end":{"line":90,"column":7}},"22":{"start":{"line":92,"column":4},"end":{"line":92,"column":83}},"23":{"start":{"line":96,"column":0},"end":{"line":96,"column":70}}},"fnMap":{"0":{"name":"reportInteraction","decl":{"start":{"line":32,"column":9},"end":{"line":32,"column":26}},"loc":{"start":{"line":32,"column":43},"end":{"line":45,"column":1}},"line":32},"1":{"name":"(anonymous_1)","decl":{"start":{"line":33,"column":24},"end":{"line":33,"column":25}},"loc":{"start":{"line":33,"column":36},"end":{"line":44,"column":3}},"line":33},"2":{"name":"reportInteractionErrorHandler","decl":{"start":{"line":64,"column":15},"end":{"line":64,"column":44}},"loc":{"start":{"line":64,"column":66},"end":{"line":71,"column":1}},"line":64},"3":{"name":"(anonymous_3)","decl":{"start":{"line":66,"column":38},"end":{"line":66,"column":39}},"loc":{"start":{"line":66,"column":53},"end":{"line":68,"column":5}},"line":66},"4":{"name":"handleError","decl":{"start":{"line":73,"column":15},"end":{"line":73,"column":26}},"loc":{"start":{"line":73,"column":37},"end":{"line":94,"column":1}},"line":73}},"branchMap":{"0":{"loc":{"start":{"line":65,"column":2},"end":{"line":69,"column":3}},"type":"if","locations":[{"start":{"line":65,"column":2},"end":{"line":69,"column":3}},{"start":{},"end":{}}],"line":65},"1":{"loc":{"start":{"line":76,"column":4},"end":{"line":76,"column":25}},"type":"if","locations":[{"start":{"line":76,"column":4},"end":{"line":76,"column":25}},{"start":{},"end":{}}],"line":76},"2":{"loc":{"start":{"line":78,"column":17},"end":{"line":78,"column":61}},"type":"binary-expr","locations":[{"start":{"line":78,"column":17},"end":{"line":78,"column":32}},{"start":{"line":78,"column":36},"end":{"line":78,"column":44}},{"start":{"line":78,"column":48},"end":{"line":78,"column":55}},{"start":{"line":78,"column":59},"end":{"line":78,"column":61}}],"line":78},"3":{"loc":{"start":{"line":79,"column":19},"end":{"line":79,"column":35}},"type":"binary-expr","locations":[{"start":{"line":79,"column":19},"end":{"line":79,"column":29}},{"start":{"line":79,"column":33},"end":{"line":79,"column":35}}],"line":79},"4":{"loc":{"start":{"line":80,"column":20},"end":{"line":80,"column":57}},"type":"cond-expr","locations":[{"start":{"line":80,"column":34},"end":{"line":80,"column":52}},{"start":{"line":80,"column":55},"end":{"line":80,"column":57}}],"line":80},"5":{"loc":{"start":{"line":85,"column":14},"end":{"line":85,"column":49}},"type":"binary-expr","locations":[{"start":{"line":85,"column":14},"end":{"line":85,"column":24}},{"start":{"line":85,"column":28},"end":{"line":85,"column":42}},{"start":{"line":85,"column":46},"end":{"line":85,"column":49}}],"line":85}},"s":{"0":1,"1":1,"2":1,"3":1,"4":1,"5":2,"6":2,"7":2,"8":0,"9":0,"10":2,"11":1,"12":0,"13":2,"14":1,"15":1,"16":1,"17":0,"18":1,"19":1,"20":1,"21":1,"22":0,"23":1},"f":{"0":2,"1":2,"2":2,"3":0,"4":1},"b":{"0":[1,1],"1":[0,1],"2":[1,1,0,0],"3":[1,0],"4":[1,0],"5":[1,1,1]},"_coverageSchema":"1a1c01bbd47fc00a2c39e90264f33305004495a9","hash":"85ae8ae6dc84ea49db0e3cfef335443a6568c661"}
,"/Users/rlasc/Projects/endpointblank/end_point_blank_js/src/writers/delayed-writer.js": {"path":"/Users/rlasc/Projects/endpointblank/end_point_blank_js/src/writers/delayed-writer.js","statementMap":{"0":{"start":{"line":3,"column":25},"end":{"line":3,"column":51}},"1":{"start":{"line":5,"column":19},"end":{"line":5,"column":20}},"2":{"start":{"line":21,"column":4},"end":{"line":21,"column":44}},"3":{"start":{"line":23,"column":4},"end":{"line":23,"column":21}},"4":{"start":{"line":24,"column":4},"end":{"line":24,"column":27}},"5":{"start":{"line":33,"column":4},"end":{"line":33,"column":34}},"6":{"start":{"line":34,"column":4},"end":{"line":37,"column":5}},"7":{"start":{"line":35,"column":6},"end":{"line":35,"column":28}},"8":{"start":{"line":36,"column":6},"end":{"line":36,"column":40}},"9":{"start":{"line":36,"column":25},"end":{"line":36,"column":38}},"10":{"start":{"line":41,"column":4},"end":{"line":48,"column":5}},"11":{"start":{"line":42,"column":20},"end":{"line":42,"column":53}},"12":{"start":{"line":43,"column":6},"end":{"line":47,"column":7}},"13":{"start":{"line":44,"column":8},"end":{"line":44,"column":40}},"14":{"start":{"line":46,"column":8},"end":{"line":46,"column":83}},"15":{"start":{"line":49,"column":4},"end":{"line":49,"column":27}},"16":{"start":{"line":53,"column":0},"end":{"line":53,"column":35}}},"fnMap":{"0":{"name":"(anonymous_0)","decl":{"start":{"line":20,"column":2},"end":{"line":20,"column":3}},"loc":{"start":{"line":20,"column":22},"end":{"line":25,"column":3}},"line":20},"1":{"name":"(anonymous_1)","decl":{"start":{"line":32,"column":2},"end":{"line":32,"column":3}},"loc":{"start":{"line":32,"column":18},"end":{"line":38,"column":3}},"line":32},"2":{"name":"(anonymous_2)","decl":{"start":{"line":36,"column":19},"end":{"line":36,"column":20}},"loc":{"start":{"line":36,"column":25},"end":{"line":36,"column":38}},"line":36},"3":{"name":"(anonymous_3)","decl":{"start":{"line":40,"column":2},"end":{"line":40,"column":3}},"loc":{"start":{"line":40,"column":17},"end":{"line":50,"column":3}},"line":40}},"branchMap":{"0":{"loc":{"start":{"line":34,"column":4},"end":{"line":37,"column":5}},"type":"if","locations":[{"start":{"line":34,"column":4},"end":{"line":37,"column":5}},{"start":{},"end":{}}],"line":34}},"s":{"0":1,"1":1,"2":0,"3":0,"4":0,"5":0,"6":0,"7":0,"8":0,"9":0,"10":0,"11":0,"12":0,"13":0,"14":0,"15":0,"16":1},"f":{"0":0,"1":0,"2":0,"3":0},"b":{"0":[0,0]},"_coverageSchema":"1a1c01bbd47fc00a2c39e90264f33305004495a9","hash":"fee2638f32f4298273aa4670a1c7414ee9162c08"}
,"/Users/rlasc/Projects/endpointblank/end_point_blank_js/src/writers/direct-writer.js": {"path":"/Users/rlasc/Projects/endpointblank/end_point_blank_js/src/writers/direct-writer.js","statementMap":{"0":{"start":{"line":3,"column":29},"end":{"line":3,"column":56}},"1":{"start":{"line":4,"column":26},"end":{"line":4,"column":53}},"2":{"start":{"line":5,"column":17},"end":{"line":5,"column":45}},"3":{"start":{"line":7,"column":22},"end":{"line":11,"column":1}},"4":{"start":{"line":8,"column":30},"end":{"line":8,"column":57}},"5":{"start":{"line":9,"column":26},"end":{"line":9,"column":49}},"6":{"start":{"line":10,"column":16},"end":{"line":10,"column":29}},"7":{"start":{"line":23,"column":21},"end":{"line":23,"column":80}},"8":{"start":{"line":24,"column":4},"end":{"line":24,"column":27}},"9":{"start":{"line":34,"column":23},"end":{"line":34,"column":51}},"10":{"start":{"line":35,"column":21},"end":{"line":35,"column":77}},"11":{"start":{"line":36,"column":4},"end":{"line":38,"column":5}},"12":{"start":{"line":37,"column":6},"end":{"line":37,"column":71}},"13":{"start":{"line":42,"column":0},"end":{"line":42,"column":34}}},"fnMap":{"0":{"name":"(anonymous_0)","decl":{"start":{"line":8,"column":24},"end":{"line":8,"column":25}},"loc":{"start":{"line":8,"column":30},"end":{"line":8,"column":57}},"line":8},"1":{"name":"(anonymous_1)","decl":{"start":{"line":9,"column":20},"end":{"line":9,"column":21}},"loc":{"start":{"line":9,"column":26},"end":{"line":9,"column":49}},"line":9},"2":{"name":"(anonymous_2)","decl":{"start":{"line":10,"column":10},"end":{"line":10,"column":11}},"loc":{"start":{"line":10,"column":16},"end":{"line":10,"column":29}},"line":10},"3":{"name":"(anonymous_3)","decl":{"start":{"line":22,"column":2},"end":{"line":22,"column":3}},"loc":{"start":{"line":22,"column":22},"end":{"line":25,"column":3}},"line":22},"4":{"name":"(anonymous_4)","decl":{"start":{"line":33,"column":2},"end":{"line":33,"column":3}},"loc":{"start":{"line":33,"column":24},"end":{"line":39,"column":3}},"line":33}},"branchMap":{"0":{"loc":{"start":{"line":23,"column":21},"end":{"line":23,"column":80}},"type":"binary-expr","locations":[{"start":{"line":23,"column":21},"end":{"line":23,"column":42}},{"start":{"line":23,"column":46},"end":{"line":23,"column":80}}],"line":23},"1":{"loc":{"start":{"line":36,"column":4},"end":{"line":38,"column":5}},"type":"if","locations":[{"start":{"line":36,"column":4},"end":{"line":38,"column":5}},{"start":{},"end":{}}],"line":36},"2":{"loc":{"start":{"line":36,"column":8},"end":{"line":36,"column":41}},"type":"binary-expr","locations":[{"start":{"line":36,"column":8},"end":{"line":36,"column":16}},{"start":{"line":36,"column":20},"end":{"line":36,"column":41}}],"line":36}},"s":{"0":1,"1":1,"2":1,"3":1,"4":0,"5":0,"6":0,"7":0,"8":0,"9":0,"10":0,"11":0,"12":0,"13":1},"f":{"0":0,"1":0,"2":0,"3":0,"4":0},"b":{"0":[0,0],"1":[0,0],"2":[0,0]},"_coverageSchema":"1a1c01bbd47fc00a2c39e90264f33305004495a9","hash":"c8822ca8d5682015eedeb1cf9c8fbcf53a91485c"}
,"/Users/rlasc/Projects/endpointblank/end_point_blank_js/src/writers/writer.js": {"path":"/Users/rlasc/Projects/endpointblank/end_point_blank_js/src/writers/writer.js","statementMap":{"0":{"start":{"line":3,"column":38},"end":{"line":3,"column":65}},"1":{"start":{"line":4,"column":27},"end":{"line":4,"column":56}},"2":{"start":{"line":5,"column":25},"end":{"line":5,"column":51}},"3":{"start":{"line":6,"column":26},"end":{"line":6,"column":53}},"4":{"start":{"line":19,"column":4},"end":{"line":19,"column":26}},"5":{"start":{"line":20,"column":4},"end":{"line":20,"column":24}},"6":{"start":{"line":38,"column":20},"end":{"line":38,"column":108}},"7":{"start":{"line":39,"column":4},"end":{"line":39,"column":45}},"8":{"start":{"line":43,"column":4},"end":{"line":47,"column":5}},"9":{"start":{"line":44,"column":6},"end":{"line":46,"column":41}},"10":{"start":{"line":48,"column":4},"end":{"line":48,"column":24}},"11":{"start":{"line":52,"column":0},"end":{"line":52,"column":28}}},"fnMap":{"0":{"name":"(anonymous_0)","decl":{"start":{"line":18,"column":2},"end":{"line":18,"column":3}},"loc":{"start":{"line":18,"column":22},"end":{"line":21,"column":3}},"line":18},"1":{"name":"(anonymous_1)","decl":{"start":{"line":37,"column":2},"end":{"line":37,"column":3}},"loc":{"start":{"line":37,"column":82},"end":{"line":40,"column":3}},"line":37},"2":{"name":"(anonymous_2)","decl":{"start":{"line":42,"column":2},"end":{"line":42,"column":3}},"loc":{"start":{"line":42,"column":15},"end":{"line":49,"column":3}},"line":42}},"branchMap":{"0":{"loc":{"start":{"line":43,"column":4},"end":{"line":47,"column":5}},"type":"if","locations":[{"start":{"line":43,"column":4},"end":{"line":47,"column":5}},{"start":{},"end":{}}],"line":43},"1":{"loc":{"start":{"line":44,"column":21},"end":{"line":46,"column":40}},"type":"cond-expr","locations":[{"start":{"line":45,"column":10},"end":{"line":45,"column":41}},{"start":{"line":46,"column":10},"end":{"line":46,"column":40}}],"line":44}},"s":{"0":1,"1":1,"2":1,"3":1,"4":1,"5":1,"6":0,"7":0,"8":0,"9":0,"10":0,"11":1},"f":{"0":1,"1":0,"2":0},"b":{"0":[0,0],"1":[0,0]},"_coverageSchema":"1a1c01bbd47fc00a2c39e90264f33305004495a9","hash":"a94710eb3451af09151c1c0588b5a0c443f14f1e"}
}
