TN:
SF:src/authorization.js
FN:22,(anonymous_0)
FN:36,(anonymous_1)
FNF:2
FNH:2
FNDA:2,(anonymous_0)
FNDA:3,(anonymous_1)
DA:3,3
DA:14,3
DA:23,2
DA:24,0
DA:25,0
DA:26,0
DA:28,2
DA:37,3
DA:38,3
DA:42,3
LF:10
LH:7
BRDA:22,0,0,1
BRDA:23,1,0,0
BRDA:23,1,1,2
BRDA:26,2,0,0
BRDA:26,2,1,0
BRF:5
BRH:2
end_of_record
TN:
SF:src/configuration.js
FN:28,(anonymous_0)
FN:32,(anonymous_1)
FN:46,(anonymous_2)
FN:50,(anonymous_3)
FN:54,(anonymous_4)
FN:58,(anonymous_5)
FN:62,(anonymous_6)
FN:66,(anonymous_7)
FNF:8
FNH:8
FNDA:7,(anonymous_0)
FNDA:66,(anonymous_1)
FNDA:1,(anonymous_2)
FNDA:1,(anonymous_3)
FNDA:1,(anonymous_4)
FNDA:1,(anonymous_5)
FNDA:1,(anonymous_6)
FNDA:1,(anonymous_7)
DA:6,7
DA:29,7
DA:33,66
DA:34,66
DA:35,66
DA:36,66
DA:37,66
DA:38,66
DA:39,66
DA:40,66
DA:41,66
DA:42,66
DA:43,66
DA:47,1
DA:51,1
DA:55,1
DA:59,1
DA:63,1
DA:67,1
DA:71,7
DA:73,7
LF:21
LH:21
BRF:0
BRH:0
end_of_record
TN:
SF:src/index.js
FN:55,configure
FNF:1
FNH:1
FNDA:4,configure
DA:32,1
DA:33,1
DA:35,1
DA:56,4
DA:61,4
DA:62,44
DA:63,6
DA:68,1
LF:8
LH:8
BRDA:55,0,0,0
BRDA:62,1,0,6
BRDA:62,1,1,38
BRF:3
BRH:2
end_of_record
TN:
SF:src/payload-builder.js
FN:26,(anonymous_0)
FN:49,buildUrl
FN:56,readBody
FNF:3
FNH:0
FNDA:0,(anonymous_0)
FNDA:0,buildUrl
FNDA:0,readBody
DA:3,1
DA:4,1
DA:5,1
DA:12,1
DA:27,0
DA:29,0
DA:32,0
DA:50,0
DA:51,0
DA:52,0
DA:53,0
DA:57,0
DA:58,0
DA:59,0
DA:60,0
DA:62,0
DA:66,1
LF:17
LH:5
BRDA:26,0,0,0
BRDA:29,1,0,0
BRDA:29,1,1,0
BRDA:30,2,0,0
BRDA:30,2,1,0
BRDA:34,3,0,0
BRDA:34,3,1,0
BRDA:35,4,0,0
BRDA:35,4,1,0
BRDA:40,5,0,0
BRDA:40,5,1,0
BRDA:41,6,0,0
BRDA:41,6,1,0
BRDA:42,7,0,0
BRDA:42,7,1,0
BRDA:43,8,0,0
BRDA:43,8,1,0
BRDA:44,9,0,0
BRDA:44,9,1,0
BRDA:50,10,0,0
BRDA:50,10,1,0
BRDA:50,11,0,0
BRDA:50,11,1,0
BRDA:51,12,0,0
BRDA:51,12,1,0
BRDA:51,12,2,0
BRDA:52,13,0,0
BRDA:52,13,1,0
BRDA:52,13,2,0
BRDA:57,14,0,0
BRDA:57,14,1,0
BRDA:58,15,0,0
BRDA:58,15,1,0
BRF:33
BRH:0
end_of_record
TN:
SF:src/request-store.js
FN:27,(anonymous_0)
FN:36,(anonymous_1)
FNF:2
FNH:2
FNDA:8,(anonymous_0)
FNDA:9,(anonymous_1)
DA:3,2
DA:16,2
DA:18,2
DA:28,8
DA:37,9
DA:41,2
LF:6
LH:6
BRF:0
BRH:0
end_of_record
TN:
SF:src/session-configuration.js
FN:21,(anonymous_0)
FNF:1
FNH:0
FNDA:0,(anonymous_0)
DA:3,1
DA:10,1
DA:22,0
DA:23,0
DA:27,1
LF:5
LH:3
BRDA:22,0,0,0
BRDA:22,0,1,0
BRDA:23,1,0,0
BRDA:23,1,1,0
BRF:4
BRH:0
end_of_record
TN:
SF:src/unauthorized-error.js
FN:12,(anonymous_0)
FNF:1
FNH:1
FNDA:1,(anonymous_0)
DA:13,1
DA:14,1
DA:18,2
LF:3
LH:3
BRF:0
BRH:0
end_of_record
TN:
SF:src/commands/_http.js
FN:18,post
FN:20,(anonymous_1)
FNF:2
FNH:0
FNDA:0,post
FNDA:0,(anonymous_1)
DA:3,2
DA:19,0
DA:20,0
DA:22,0
DA:23,0
DA:32,0
DA:34,0
DA:35,0
DA:37,0
DA:41,2
LF:10
LH:2
BRF:0
BRH:0
end_of_record
TN:
SF:src/commands/authentication-cache.js
FN:13,(anonymous_0)
FN:24,(anonymous_1)
FN:39,(anonymous_2)
FN:53,(anonymous_3)
FN:64,(anonymous_4)
FN:73,(anonymous_5)
FN:82,(anonymous_6)
FN:91,(anonymous_7)
FNF:8
FNH:8
FNDA:1,(anonymous_0)
FNDA:11,(anonymous_1)
FNDA:5,(anonymous_2)
FNDA:3,(anonymous_3)
FNDA:2,(anonymous_4)
FNDA:23,(anonymous_5)
FNDA:1,(anonymous_6)
FNDA:2,(anonymous_7)
DA:3,1
DA:15,1
DA:25,11
DA:26,10
DA:27,10
DA:40,5
DA:41,5
DA:42,1
DA:44,4
DA:54,3
DA:55,3
DA:65,2
DA:66,2
DA:67,2
DA:74,23
DA:83,1
DA:92,2
DA:96,1
DA:98,1
LF:19
LH:19
BRDA:25,0,0,1
BRDA:25,0,1,10
BRDA:26,1,0,10
BRDA:26,1,1,0
BRDA:41,2,0,1
BRDA:41,2,1,4
BRDA:41,3,0,5
BRDA:41,3,1,2
BRDA:55,4,0,3
BRDA:55,4,1,1
BRDA:67,5,0,2
BRDA:67,5,1,1
BRF:12
BRH:11
end_of_record
TN:
SF:src/commands/bearer-generate.js
FN:16,(anonymous_0)
FN:25,(anonymous_1)
FNF:2
FNH:2
FNDA:3,(anonymous_0)
FNDA:2,(anonymous_1)
DA:3,1
DA:10,1
DA:17,3
DA:26,2
DA:30,1
LF:5
LH:5
BRF:0
BRH:0
end_of_record
TN:
SF:src/commands/endpoint-update.js
FN:23,(anonymous_0)
FN:28,(anonymous_1)
FN:38,(anonymous_2)
FN:42,(anonymous_3)
FN:53,(anonymous_4)
FNF:5
FNH:0
FNDA:0,(anonymous_0)
FNDA:0,(anonymous_1)
FNDA:0,(anonymous_2)
FNDA:0,(anonymous_3)
FNDA:0,(anonymous_4)
DA:3,1
DA:4,1
DA:5,1
DA:6,1
DA:8,1
DA:24,0
DA:29,0
DA:39,0
DA:43,0
DA:44,0
DA:45,0
DA:46,0
DA:47,0
DA:49,0
DA:54,0
DA:65,1
LF:16
LH:6
BRDA:23,0,0,0
BRDA:38,1,0,0
BRDA:45,2,0,0
BRDA:45,2,1,0
BRDA:46,3,0,0
BRDA:46,3,1,0
BRF:6
BRH:0
end_of_record
TN:
SF:src/commands/version-finder.js
FN:28,(anonymous_0)
FN:59,extract
FN:65,versionFromQuery
FNF:3
FNH:3
FNDA:10,(anonymous_0)
FNDA:22,extract
FNDA:4,versionFromQuery
DA:3,2
DA:5,2
DA:6,2
DA:7,2
DA:23,2
DA:29,10
DA:30,1
DA:33,9
DA:34,9
DA:37,9
DA:38,9
DA:41,6
DA:42,6
DA:45,5
DA:46,5
DA:49,4
DA:50,4
DA:53,2
DA:54,2
DA:55,2
DA:60,22
DA:61,8
DA:62,8
DA:66,4
DA:67,4
DA:68,2
DA:69,2
DA:70,2
DA:71,2
DA:72,2
DA:73,2
DA:76,0
DA:79,2
LF:33
LH:32
BRDA:29,0,0,1
BRDA:29,0,1,9
BRDA:33,1,0,9
BRDA:33,1,1,0
BRDA:34,2,0,9
BRDA:34,2,1,0
BRDA:34,2,2,0
BRDA:38,3,0,3
BRDA:38,3,1,6
BRDA:42,4,0,1
BRDA:42,4,1,5
BRDA:46,5,0,1
BRDA:46,5,1,4
BRDA:50,6,0,2
BRDA:50,6,1,2
BRDA:53,7,0,2
BRDA:53,7,1,0
BRDA:60,8,0,14
BRDA:60,8,1,8
BRDA:62,9,0,6
BRDA:62,9,1,2
BRDA:67,10,0,2
BRDA:67,10,1,2
BRDA:70,11,0,2
BRDA:70,11,1,0
BRDA:73,12,0,2
BRDA:73,12,1,0
BRF:27
BRH:21
end_of_record
TN:
SF:src/express/endpoint-registrar.js
FN:23,registerExpressEndpoints
FN:36,collectEndpoints
FN:46,(anonymous_2)
FN:51,(anonymous_3)
FN:52,(anonymous_4)
FN:67,routerPrefix
FNF:6
FNH:5
FNDA:0,registerExpressEndpoints
FNDA:6,collectEndpoints
FNDA:17,(anonymous_2)
FNDA:25,(anonymous_3)
FNDA:25,(anonymous_4)
FNDA:1,routerPrefix
DA:3,1
DA:4,1
DA:24,0
DA:25,0
DA:26,0
DA:37,6
DA:39,6
DA:41,6
DA:42,28
DA:44,17
DA:45,17
DA:46,17
DA:50,17
DA:51,25
DA:52,25
DA:54,17
DA:55,17
DA:57,11
DA:59,1
DA:60,1
DA:64,6
DA:68,1
DA:69,1
DA:71,1
DA:72,1
DA:75,1
LF:26
LH:23
BRDA:36,0,0,5
BRDA:37,1,0,0
BRDA:37,1,1,6
BRDA:37,2,0,6
BRDA:37,2,1,6
BRDA:42,3,0,17
BRDA:42,3,1,11
BRDA:44,4,0,17
BRDA:44,4,1,0
BRDA:46,5,0,17
BRDA:46,5,1,17
BRDA:57,6,0,1
BRDA:57,6,1,10
BRDA:57,7,0,11
BRDA:57,7,1,1
BRDA:68,8,0,0
BRDA:68,8,1,1
BRDA:72,9,0,1
BRDA:72,9,1,0
BRF:19
BRH:15
end_of_record
TN:
SF:src/express/versioned.js
FN:28,versioned
FN:37,versionedMiddleware
FN:53,getVersions
FNF:3
FNH:3
FNDA:12,versioned
FNDA:1,versionedMiddleware
FNDA:29,getVersions
DA:38,1
DA:41,12
DA:42,12
DA:44,12
DA:54,29
DA:57,2
LF:6
LH:6
BRDA:28,0,0,2
BRDA:28,1,0,2
BRDA:41,2,0,12
BRDA:41,2,1,12
BRDA:54,3,0,29
BRDA:54,3,1,20
BRF:6
BRH:6
end_of_record
TN:
SF:src/middleware/report-interaction.js
FN:32,reportInteraction
FN:33,(anonymous_1)
FN:64,reportInteractionErrorHandler
FN:66,(anonymous_3)
FN:73,handleError
FNF:5
FNH:4
FNDA:2,reportInteraction
FNDA:2,(anonymous_1)
FNDA:2,reportInteractionErrorHandler
FNDA:0,(anonymous_3)
FNDA:1,handleError
DA:3,1
DA:4,1
DA:5,1
DA:6,1
DA:8,1
DA:33,2
DA:34,2
DA:39,2
DA:41,0
DA:42,0
DA:65,2
DA:66,1
DA:67,0
DA:70,2
DA:74,1
DA:75,1
DA:76,1
DA:78,1
DA:79,1
DA:80,1
DA:82,1
DA:92,0
DA:96,1
LF:23
LH:19
BRDA:65,0,0,1
BRDA:65,0,1,1
BRDA:76,1,0,0
BRDA:76,1,1,1
BRDA:78,2,0,1
BRDA:78,2,1,1
BRDA:78,2,2,0
BRDA:78,2,3,0
BRDA:79,3,0,1
BRDA:79,3,1,0
BRDA:80,4,0,1
BRDA:80,4,1,0
BRDA:85,5,0,1
BRDA:85,5,1,1
BRDA:85,5,2,1
BRF:15
BRH:10
end_of_record
TN:
SF:src/writers/delayed-writer.js
FN:20,(anonymous_0)
FN:32,(anonymous_1)
FN:36,(anonymous_2)
FN:40,(anonymous_3)
FNF:4
FNH:0
FNDA:0,(anonymous_0)
FNDA:0,(anonymous_1)
FNDA:0,(anonymous_2)
FNDA:0,(anonymous_3)
DA:3,1
DA:5,1
DA:21,0
DA:23,0
DA:24,0
DA:33,0
DA:34,0
DA:35,0
DA:36,0
DA:41,0
DA:42,0
DA:43,0
DA:44,0
DA:46,0
DA:49,0
DA:53,1
LF:16
LH:3
BRDA:34,0,0,0
BRDA:34,0,1,0
BRF:2
BRH:0
end_of_record
TN:
SF:src/writers/direct-writer.js
FN:8,(anonymous_0)
FN:9,(anonymous_1)
FN:10,(anonymous_2)
FN:22,(anonymous_3)
FN:33,(anonymous_4)
FNF:5
FNH:0
FNDA:0,(anonymous_0)
FNDA:0,(anonymous_1)
FNDA:0,(anonymous_2)
FNDA:0,(anonymous_3)
FNDA:0,(anonymous_4)
DA:3,1
DA:4,1
DA:5,1
DA:7,1
DA:8,0
DA:9,0
DA:10,0
DA:23,0
DA:24,0
DA:34,0
DA:35,0
DA:36,0
DA:37,0
DA:42,1
LF:14
LH:5
BRDA:23,0,0,0
BRDA:23,0,1,0
BRDA:36,1,0,0
BRDA:36,1,1,0
BRDA:36,2,0,0
BRDA:36,2,1,0
BRF:6
BRH:0
end_of_record
TN:
SF:src/writers/writer.js
FN:18,(anonymous_0)
FN:37,(anonymous_1)
FN:42,(anonymous_2)
FNF:3
FNH:1
FNDA:1,(anonymous_0)
FNDA:0,(anonymous_1)
FNDA:0,(anonymous_2)
DA:3,1
DA:4,1
DA:5,1
DA:6,1
DA:19,1
DA:20,1
DA:38,0
DA:39,0
DA:43,0
DA:44,0
DA:48,0
DA:52,1
LF:12
LH:7
BRDA:43,0,0,0
BRDA:43,0,1,0
BRDA:44,1,0,0
BRDA:44,1,1,0
BRF:4
BRH:0
end_of_record
